This is e-pTeX, Version 3.1415926-p3.4-110825-2.6 (utf8.euc) (TeX Live 2013) (format=platex 2014.5.16)  27 MAY 2014 14:11
entering extended mode
 restricted \write18 enabled.
 file:line:error style messages enabled.
 %&-line parsing enabled.
**egg_dc.tex
(./egg_dc.tex
pLaTeX2e <2006/11/10> (based on LaTeX2e <2011/06/27> patch level 0)
Babel <3.9f> and hyphenation patterns for 78 languages loaded.
(/usr/local/texlive/2013/texmf-dist/tex/platex/base/jarticle.cls
Document Class: jarticle 2006/06/27 v1.6 Standard pLaTeX class
\c@@paper=\count81
(/usr/local/texlive/2013/texmf-dist/tex/platex/base/jsize10.clo
File: jsize10.clo 2006/06/27 v1.6 Standard pLaTeX file (size option)
)
\c@part=\count82
\c@section=\count83
\c@subsection=\count84
\c@subsubsection=\count85
\c@paragraph=\count86
\c@subparagraph=\count87
\c@figure=\count88
\c@table=\count89
\abovecaptionskip=\skip41
\belowcaptionskip=\skip42
\symmincho=\mathgroup4
LaTeX Font Info:    Overwriting symbol font `mincho' in version `bold'
(Font)                  JY1/mc/m/n --> JY1/gt/m/n on input line 601.
\toclineskip=\dimen118
\@lnumwidth=\dimen119
\bibindent=\dimen120
\heisei=\count90
)
(./forms/form00_header.tex (./forms/preamble.tex
(/usr/local/texlive/2013/texmf-dist/tex/latex/base/ifthen.sty
Package: ifthen 2001/05/26 v1.1c Standard LaTeX ifthen package (DPC)
))
(./forms/kakenhi6.sty
\c@klTomboHalfLen=\count91
\c@klTomboFrom=\count92
\c@klTextX=\count93
\c@klTextY=\count94
\c@klWidth=\count95
\c@klHeight=\count96
\c@klParboxX=\count97
\c@klParboxY=\count98
\c@klParboxW=\count99
\c@klParboxH=\count100
\c@klpbSideMargin=\count101
\c@klpbTopMargin=\count102
\c@klpbBottomMargin=\count103
\Numa=\count104
\Numb=\count105
\c@KLtmp=\count106
\c@KLCost=\count107
\c@KLGrandTotalValue=\count108
\c@KLYearCount=\count109
\c@KLPrintYear=\count110
\c@KLequipments0=\count111
\c@KLequipments1=\count112
\c@KLequipments2=\count113
\c@KLequipments3=\count114
\c@KLequipments4=\count115
\c@KLequipments5=\count116
\c@KLequipments6=\count117
\c@KLequipments7=\count118
\c@KLexpendables0=\count119
\c@KLexpendables1=\count120
\c@KLexpendables2=\count121
\c@KLexpendables3=\count122
\c@KLexpendables4=\count123
\c@KLexpendables5=\count124
\c@KLexpendables6=\count125
\c@KLexpendables7=\count126
\c@KLdomestic0=\count127
\c@KLdomestic1=\count128
\c@KLdomestic2=\count129
\c@KLdomestic3=\count130
\c@KLdomestic4=\count131
\c@KLdomestic5=\count132
\c@KLdomestic6=\count133
\c@KLdomestic7=\count134
\c@KLforeign0=\count135
\c@KLforeign1=\count136
\c@KLforeign2=\count137
\c@KLforeign3=\count138
\c@KLforeign4=\count139
\c@KLforeign5=\count140
\c@KLforeign6=\count141
\c@KLforeign7=\count142
\c@KLtravel0=\count143
\c@KLtravel1=\count144
\c@KLtravel2=\count145
\c@KLtravel3=\count146
\c@KLtravel4=\count147
\c@KLtravel5=\count148
\c@KLtravel6=\count149
\c@KLtravel7=\count150
\c@KLgratitude0=\count151
\c@KLgratitude1=\count152
\c@KLgratitude2=\count153
\c@KLgratitude3=\count154
\c@KLgratitude4=\count155
\c@KLgratitude5=\count156
\c@KLgratitude6=\count157
\c@KLgratitude7=\count158
\c@KLmisc0=\count159
\c@KLmisc1=\count160
\c@KLmisc2=\count161
\c@KLmisc3=\count162
\c@KLmisc4=\count163
\c@KLmisc5=\count164
\c@KLmisc6=\count165
\c@KLmisc7=\count166
\c@KLAnnualSum0=\count167
\c@KLAnnualSum1=\count168
\c@KLAnnualSum2=\count169
\c@KLAnnualSum3=\count170
\c@KLAnnualSum4=\count171
\c@KLAnnualSum5=\count172
\c@KLAnnualSum6=\count173
\c@KLAnnualSum7=\count174
\KLCostWidth=\skip43
\c@KLRemainingEffort=\count175
\c@KLNumPeople=\count176
\c@KLDistBudgetSum=\count177
\c@klSecondPage=\count178
\KLLineLength=\skip44
\c@KLBibCounter=\count179
)
\KLCella=\skip45
\KLCellb=\skip46
\KLCellc=\skip47
\KLCelld=\skip48
\KLCelle=\skip49
\KLCellf=\skip50
\KLCellg=\skip51
\KLCellh=\skip52
\KLSubPageX=\skip53
\KLSubPageY=\skip54
\KLspx=\skip55
\KLspy=\skip56
\c@KLParboxSideMargin=\count180
\c@KLParboxTopMargin=\count181
\c@KLParboxBottomMargin=\count182
\c@KLSubPageNo=\count183
\c@KLPageOffset=\count184
\c@KLMaxYearCount=\count185
\c@klpage=\count186
\c@klpageLimit=\count187
) (./forms/form01_header.tex
(/usr/local/texlive/2013/texmf-dist/tex/latex/graphics/graphicx.sty
Package: graphicx 1999/02/16 v1.0f Enhanced LaTeX Graphics (DPC,SPQR)

(/usr/local/texlive/2013/texmf-dist/tex/latex/graphics/keyval.sty
Package: keyval 1999/03/16 v1.13 key=value parser (DPC)
\KV@toks@=\toks15
)
(/usr/local/texlive/2013/texmf-dist/tex/latex/graphics/graphics.sty
Package: graphics 2009/02/05 v1.0o Standard LaTeX Graphics (DPC,SPQR)

(/usr/local/texlive/2013/texmf-dist/tex/latex/graphics/trig.sty
Package: trig 1999/03/16 v1.09 sin cos tan (DPC)
)
(/usr/local/texlive/2013/texmf-dist/tex/latex/latexconfig/graphics.cfg
File: graphics.cfg 2010/04/23 v1.9 graphics configuration of TeX Live
)
Package graphics Info: Driver file: dvipdfmx.def on input line 91.

(/usr/local/texlive/2013/texmf-dist/tex/latex/dvipdfmx-def/dvipdfmx.def
File: dvipdfmx.def 2013/05/27 v3.2 LaTeX graphics driver for dvipdfmx (TeX Live
/ChoF)
))
\Gin@req@height=\dimen121
\Gin@req@width=\dimen122
))
(/usr/local/texlive/2013/texmf-dist/tex/latex/graphics/color.sty
Package: color 2005/11/14 v1.0j Standard LaTeX Color (DPC)

(/usr/local/texlive/2013/texmf-dist/tex/latex/latexconfig/color.cfg
File: color.cfg 2007/01/18 v1.5 color configuration of teTeX/TeXLive
)
Package color Info: Driver file: dvips.def on input line 130.

(/usr/local/texlive/2013/texmf-dist/tex/latex/graphics/dvips.def
File: dvips.def 1999/02/16 v3.0i Driver-dependant file (DPC,SPQR)
)
(/usr/local/texlive/2013/texmf-dist/tex/latex/graphics/dvipsnam.def
File: dvipsnam.def 1999/02/16 v3.0i Driver-dependant file (DPC,SPQR)
))
(/usr/local/texlive/2013/texmf-dist/tex/generic/ulem/ulem.sty
\UL@box=\box41
\UL@hyphenbox=\box42
\UL@skip=\skip57
\UL@hook=\toks16
\UL@height=\dimen123
\UL@pe=\count188
\UL@pixel=\dimen124
\ULC@box=\box43
Package: ulem 2012/05/18
\ULdepth=\dimen125
) (./ulinej.sty
\ul@curpos=\count189
\ul@tmpbox=\box44
\ul@skipwidth=\dimen126
\ul@depth=\dimen127
\ul@height=\dimen128
)
(/usr/local/texlive/2013/texmf-dist/tex/latex/base/latexsym.sty
Package: latexsym 1998/08/17 v2.2e Standard LaTeX package (lasy symbols)
\symlasy=\mathgroup5
LaTeX Font Info:    Overwriting symbol font `lasy' in version `bold'
(Font)                  U/lasy/m/n --> U/lasy/b/n on input line 47.
)
(/usr/local/texlive/2013/texmf-dist/tex/latex/amsfonts/amssymb.sty
Package: amssymb 2013/01/14 v3.01 AMS font symbols

(/usr/local/texlive/2013/texmf-dist/tex/latex/amsfonts/amsfonts.sty
Package: amsfonts 2013/01/14 v3.01 Basic AMSFonts support
\@emptytoks=\toks17
\symAMSa=\mathgroup6
\symAMSb=\mathgroup7
LaTeX Font Info:    Overwriting math alphabet `\mathfrak' in version `bold'
(Font)                  U/euf/m/n --> U/euf/b/n on input line 106.
))
(/usr/local/texlive/2013/texmf-dist/tex/latex/mnsymbol/MnSymbol.sty
Package: MnSymbol 2007/01/21 v1.4 support for the MnSymbol font

(/usr/local/texlive/2013/texmf-dist/tex/latex/amsmath/amsmath.sty
Package: amsmath 2013/01/14 v2.14 AMS math features
\@mathmargin=\skip58

For additional information on amsmath, use the `?' option.
(/usr/local/texlive/2013/texmf-dist/tex/latex/amsmath/amstext.sty
Package: amstext 2000/06/29 v2.01

(/usr/local/texlive/2013/texmf-dist/tex/latex/amsmath/amsgen.sty
File: amsgen.sty 1999/11/30 v2.0
\@emptytoks=\toks18
\ex@=\dimen129
))
(/usr/local/texlive/2013/texmf-dist/tex/latex/amsmath/amsbsy.sty
Package: amsbsy 1999/11/29 v1.2d
\pmbraise@=\dimen130
)
(/usr/local/texlive/2013/texmf-dist/tex/latex/amsmath/amsopn.sty
Package: amsopn 1999/12/14 v2.01 operator names
)
\inf@bad=\count190
LaTeX Info: Redefining \frac on input line 210.
\uproot@=\count191
\leftroot@=\count192
LaTeX Info: Redefining \overline on input line 306.
\classnum@=\count193
\DOTSCASE@=\count194
LaTeX Info: Redefining \ldots on input line 378.
LaTeX Info: Redefining \dots on input line 381.
LaTeX Info: Redefining \cdots on input line 466.
\Mathstrutbox@=\box45
\strutbox@=\box46
\big@size=\dimen131
LaTeX Font Info:    Redeclaring font encoding OML on input line 566.
LaTeX Font Info:    Redeclaring font encoding OMS on input line 567.
\macc@depth=\count195
\c@MaxMatrixCols=\count196
\dotsspace@=\muskip10
\c@parentequation=\count197
\dspbrk@lvl=\count198
\tag@help=\toks19
\row@=\count199
\column@=\count200
\maxfields@=\count201
\andhelp@=\toks20
\eqnshift@=\dimen132
\alignsep@=\dimen133
\tagshift@=\dimen134
\tagwidth@=\dimen135
\totwidth@=\dimen136
\lineht@=\dimen137
\@envbody=\toks21
\multlinegap=\skip59
\multlinetaggap=\skip60
\mathdisplay@stack=\toks22
LaTeX Info: Redefining \[ on input line 2665.
LaTeX Info: Redefining \] on input line 2666.
)
(/usr/local/texlive/2013/texmf-dist/tex/latex/base/textcomp.sty
Package: textcomp 2005/09/27 v1.99g Standard LaTeX package
Package textcomp Info: Sub-encoding information:
(textcomp)               5 = only ISO-Adobe without \textcurrency
(textcomp)               4 = 5 + \texteuro
(textcomp)               3 = 4 + \textohm
(textcomp)               2 = 3 + \textestimated + \textcurrency
(textcomp)               1 = TS1 - \textcircled - \t
(textcomp)               0 = TS1 (full)
(textcomp)             Font families with sub-encoding setting implement
(textcomp)             only a restricted character set as indicated.
(textcomp)             Family '?' is the default used for unknown fonts.
(textcomp)             See the documentation for details.
Package textcomp Info: Setting ? sub-encoding to TS1/1 on input line 71.

(/usr/local/texlive/2013/texmf-dist/tex/latex/base/ts1enc.def
File: ts1enc.def 2001/06/05 v3.0e (jk/car/fm) Standard LaTeX file
)
LaTeX Info: Redefining \oldstylenums on input line 266.
Package textcomp Info: Setting cmr sub-encoding to TS1/0 on input line 281.
Package textcomp Info: Setting cmss sub-encoding to TS1/0 on input line 282.
Package textcomp Info: Setting cmtt sub-encoding to TS1/0 on input line 283.
Package textcomp Info: Setting cmvtt sub-encoding to TS1/0 on input line 284.
Package textcomp Info: Setting cmbr sub-encoding to TS1/0 on input line 285.
Package textcomp Info: Setting cmtl sub-encoding to TS1/0 on input line 286.
Package textcomp Info: Setting ccr sub-encoding to TS1/0 on input line 287.
Package textcomp Info: Setting ptm sub-encoding to TS1/4 on input line 288.
Package textcomp Info: Setting pcr sub-encoding to TS1/4 on input line 289.
Package textcomp Info: Setting phv sub-encoding to TS1/4 on input line 290.
Package textcomp Info: Setting ppl sub-encoding to TS1/3 on input line 291.
Package textcomp Info: Setting pag sub-encoding to TS1/4 on input line 292.
Package textcomp Info: Setting pbk sub-encoding to TS1/4 on input line 293.
Package textcomp Info: Setting pnc sub-encoding to TS1/4 on input line 294.
Package textcomp Info: Setting pzc sub-encoding to TS1/4 on input line 295.
Package textcomp Info: Setting bch sub-encoding to TS1/4 on input line 296.
Package textcomp Info: Setting put sub-encoding to TS1/5 on input line 297.
Package textcomp Info: Setting uag sub-encoding to TS1/5 on input line 298.
Package textcomp Info: Setting ugq sub-encoding to TS1/5 on input line 299.
Package textcomp Info: Setting ul8 sub-encoding to TS1/4 on input line 300.
Package textcomp Info: Setting ul9 sub-encoding to TS1/4 on input line 301.
Package textcomp Info: Setting augie sub-encoding to TS1/5 on input line 302.
Package textcomp Info: Setting dayrom sub-encoding to TS1/3 on input line 303.
Package textcomp Info: Setting dayroms sub-encoding to TS1/3 on input line 304.

Package textcomp Info: Setting pxr sub-encoding to TS1/0 on input line 305.
Package textcomp Info: Setting pxss sub-encoding to TS1/0 on input line 306.
Package textcomp Info: Setting pxtt sub-encoding to TS1/0 on input line 307.
Package textcomp Info: Setting txr sub-encoding to TS1/0 on input line 308.
Package textcomp Info: Setting txss sub-encoding to TS1/0 on input line 309.
Package textcomp Info: Setting txtt sub-encoding to TS1/0 on input line 310.
Package textcomp Info: Setting lmr sub-encoding to TS1/0 on input line 311.
Package textcomp Info: Setting lmdh sub-encoding to TS1/0 on input line 312.
Package textcomp Info: Setting lmss sub-encoding to TS1/0 on input line 313.
Package textcomp Info: Setting lmssq sub-encoding to TS1/0 on input line 314.
Package textcomp Info: Setting lmvtt sub-encoding to TS1/0 on input line 315.
Package textcomp Info: Setting qhv sub-encoding to TS1/0 on input line 316.
Package textcomp Info: Setting qag sub-encoding to TS1/0 on input line 317.
Package textcomp Info: Setting qbk sub-encoding to TS1/0 on input line 318.
Package textcomp Info: Setting qcr sub-encoding to TS1/0 on input line 319.
Package textcomp Info: Setting qcs sub-encoding to TS1/0 on input line 320.
Package textcomp Info: Setting qpl sub-encoding to TS1/0 on input line 321.
Package textcomp Info: Setting qtm sub-encoding to TS1/0 on input line 322.
Package textcomp Info: Setting qzc sub-encoding to TS1/0 on input line 323.
Package textcomp Info: Setting qhvc sub-encoding to TS1/0 on input line 324.
Package textcomp Info: Setting futs sub-encoding to TS1/4 on input line 325.
Package textcomp Info: Setting futx sub-encoding to TS1/4 on input line 326.
Package textcomp Info: Setting futj sub-encoding to TS1/4 on input line 327.
Package textcomp Info: Setting hlh sub-encoding to TS1/3 on input line 328.
Package textcomp Info: Setting hls sub-encoding to TS1/3 on input line 329.
Package textcomp Info: Setting hlst sub-encoding to TS1/3 on input line 330.
Package textcomp Info: Setting hlct sub-encoding to TS1/5 on input line 331.
Package textcomp Info: Setting hlx sub-encoding to TS1/5 on input line 332.
Package textcomp Info: Setting hlce sub-encoding to TS1/5 on input line 333.
Package textcomp Info: Setting hlcn sub-encoding to TS1/5 on input line 334.
Package textcomp Info: Setting hlcw sub-encoding to TS1/5 on input line 335.
Package textcomp Info: Setting hlcf sub-encoding to TS1/5 on input line 336.
Package textcomp Info: Setting pplx sub-encoding to TS1/3 on input line 337.
Package textcomp Info: Setting pplj sub-encoding to TS1/3 on input line 338.
Package textcomp Info: Setting ptmx sub-encoding to TS1/4 on input line 339.
Package textcomp Info: Setting ptmj sub-encoding to TS1/4 on input line 340.
)
LaTeX Info: Redefining \dagger on input line 84.
LaTeX Info: Redefining \ddagger on input line 84.
LaTeX Info: Redefining \mathparagraph on input line 84.
LaTeX Info: Redefining \mathsection on input line 84.
LaTeX Info: Redefining \mathdollar on input line 84.
LaTeX Info: Redefining \mathsterling on input line 84.
LaTeX Info: Redefining \yen on input line 84.
LaTeX Info: Redefining \circledR on input line 84.
LaTeX Info: Redefining \circledS on input line 84.
LaTeX Info: Redefining \Re on input line 84.
LaTeX Info: Redefining \Im on input line 84.
LaTeX Info: Redefining \dotplus on input line 84.
LaTeX Info: Redefining \thicksim on input line 84.
LaTeX Info: Redefining \thickapprox on input line 84.
LaTeX Info: Redefining \veebar on input line 84.
LaTeX Info: Redefining \barwedge on input line 84.
LaTeX Info: Redefining \doublebarwedge on input line 84.
LaTeX Info: Redefining \centerdot on input line 84.
LaTeX Info: Redefining \divideontimes on input line 84.
\symMnSyA=\mathgroup8
\symMnSyB=\mathgroup9
\symMnSyC=\mathgroup10
\symMnSyD=\mathgroup11
LaTeX Font Info:    Redeclaring symbol font `largesymbols' on input line 119.
LaTeX Font Info:    Overwriting symbol font `largesymbols' in version `normal'
(Font)                  OMX/cmex/m/n --> OMX/MnSymbolE/m/n on input line 119.
LaTeX Font Info:    Overwriting symbol font `largesymbols' in version `bold'
(Font)                  OMX/cmex/m/n --> OMX/MnSymbolE/m/n on input line 119.
LaTeX Font Info:    Redeclaring symbol font `symbols' on input line 120.
LaTeX Font Info:    Encoding `OMS' has changed to `U' for symbol font
(Font)              `symbols' in the math version `normal' on input line 120.
LaTeX Font Info:    Overwriting symbol font `symbols' in version `normal'
(Font)                  OMS/cmsy/m/n --> U/MnSymbolF/m/n on input line 120.
LaTeX Font Info:    Encoding `OMS' has changed to `U' for symbol font
(Font)              `symbols' in the math version `bold' on input line 120.
LaTeX Font Info:    Overwriting symbol font `symbols' in version `bold'
(Font)                  OMS/cmsy/b/n --> U/MnSymbolF/m/n on input line 120.
LaTeX Font Info:    Overwriting symbol font `MnSyA' in version `bold'
(Font)                  U/MnSymbolA/m/n --> U/MnSymbolA/b/n on input line 121.
LaTeX Font Info:    Overwriting symbol font `MnSyB' in version `bold'
(Font)                  U/MnSymbolB/m/n --> U/MnSymbolB/b/n on input line 122.
LaTeX Font Info:    Overwriting symbol font `MnSyC' in version `bold'
(Font)                  U/MnSymbolC/m/n --> U/MnSymbolC/b/n on input line 123.
LaTeX Font Info:    Overwriting symbol font `MnSyD' in version `bold'
(Font)                  U/MnSymbolD/m/n --> U/MnSymbolD/b/n on input line 124.
LaTeX Font Info:    Overwriting symbol font `largesymbols' in version `bold'
(Font)                  OMX/MnSymbolE/m/n --> OMX/MnSymbolE/b/n on input line 1
25.
LaTeX Font Info:    Overwriting symbol font `symbols' in version `bold'
(Font)                  U/MnSymbolF/m/n --> U/MnSymbolF/b/n on input line 126.
LaTeX Font Info:    Redeclaring math alphabet \mathcal on input line 241.
LaTeX Font Info:    Overwriting math alphabet `\mathcal' in version `bold'
(Font)                  OMS/MnSymbolS/m/n --> OMS/MnSymbolS/b/n on input line 2
41.
LaTeX Info: Redefining \longrightarrow on input line 548.
LaTeX Info: Redefining \longleftarrow on input line 549.
LaTeX Info: Redefining \longleftrightarrow on input line 550.
LaTeX Info: Redefining \Longrightarrow on input line 551.
LaTeX Info: Redefining \Longleftarrow on input line 552.
LaTeX Info: Redefining \Longleftrightarrow on input line 553.
LaTeX Info: Redefining \longmapsto on input line 554.
LaTeX Info: Redefining \vdots on input line 868.
LaTeX Font Info:    Redeclaring math symbol \braceld on input line 1721.
LaTeX Font Info:    Redeclaring math symbol \bracelu on input line 1722.
LaTeX Font Info:    Redeclaring math symbol \bracerd on input line 1723.
LaTeX Font Info:    Redeclaring math symbol \braceru on input line 1724.
LaTeX Info: Redefining \downbracefill on input line 1799.
LaTeX Info: Redefining \upbracefill on input line 1800.
LaTeX Info: Redefining \overbrace on input line 1819.
LaTeX Info: Redefining \underbrace on input line 1820.
LaTeX Info: Redefining \surd on input line 1843.
LaTeX Font Info:    Redeclaring math accent \widehat on input line 1845.
LaTeX Font Info:    Redeclaring math accent \widetilde on input line 1846.
LaTeX Font Info:    Redeclaring math accent \vec on input line 1848.
)
(/usr/local/texlive/2013/texmf-dist/tex/latex/wrapfig/wrapfig.sty
\wrapoverhang=\dimen138
\WF@size=\dimen139
\c@WF@wrappedlines=\count202
\WF@box=\box47
\WF@everypar=\toks23
Package: wrapfig 2003/01/31  v 3.6
)
(./forms/hook3.tex) (./forms/form02_2015_header.tex) (./forms/form03_header.tex
(/usr/local/texlive/2013/texmf-dist/tex/latex/tools/calc.sty
Package: calc 2007/08/22 v4.3 Infix arithmetic (KKT,FJ)
\calc@Acount=\count203
\calc@Bcount=\count204
\calc@Adimen=\dimen140
\calc@Bdimen=\dimen141
\calc@Askip=\skip61
\calc@Bskip=\skip62
LaTeX Info: Redefining \setlength on input line 76.
LaTeX Info: Redefining \addtolength on input line 77.
\calc@Ccount=\count205
\calc@Cskip=\skip63
) (./watermark.sty
Package: watermark 2004/12/09 v1.1 Watermarks (NCC)
) (/usr/local/texlive/2013/texmf-dist/tex/latex/tools/longtable.sty
Package: longtable 2004/02/01 v4.11 Multi-page Table package (DPC)
\LTleft=\skip64
\LTright=\skip65
\LTpre=\skip66
\LTpost=\skip67
\LTchunksize=\count206
\LTcapwidth=\dimen142
\LT@head=\box48
\LT@firsthead=\box49
\LT@foot=\box50
\LT@lastfoot=\box51
\LT@cols=\count207
\LT@rows=\count208
\c@LT@tables=\count209
\c@LT@chunks=\count210
\LT@p@ftn=\toks24
)
(/usr/local/texlive/2013/texmf-dist/tex/latex/geometry/geometry.sty
Package: geometry 2010/09/12 v5.6 Page Geometry

(/usr/local/texlive/2013/texmf-dist/tex/generic/oberdiek/ifpdf.sty
Package: ifpdf 2011/01/30 v2.3 Provides the ifpdf switch (HO)
Package ifpdf Info: pdfTeX in PDF mode is not detected.
)
(/usr/local/texlive/2013/texmf-dist/tex/generic/oberdiek/ifvtex.sty
Package: ifvtex 2010/03/01 v1.5 Detect VTeX and its facilities (HO)
Package ifvtex Info: VTeX not detected.
)
(/usr/local/texlive/2013/texmf-dist/tex/generic/ifxetex/ifxetex.sty
Package: ifxetex 2010/09/12 v0.6 Provides ifxetex conditional
)
\Gm@cnth=\count211
\Gm@cntv=\count212
\c@Gm@tempcnt=\count213
\Gm@bindingoffset=\dimen143
\Gm@wd@mp=\dimen144
\Gm@odd@mp=\dimen145
\Gm@even@mp=\dimen146
\Gm@layoutwidth=\dimen147
\Gm@layoutheight=\dimen148
\Gm@layouthoffset=\dimen149
\Gm@layoutvoffset=\dimen150
\Gm@dimlist=\toks25
)
(./udline.sty
Package: udline 2005/01/28 下線マクロ ver2.52：ロードします
) (/usr/local/texlive/2013/texmf-dist/tex/latex/tools/array.sty
Package: array 2008/09/09 v2.4c Tabular extension package (FMi)
\col@sep=\dimen151
\extrarowheight=\dimen152
\NC@list=\toks26
\extratabsurround=\skip68
\backup@length=\skip69
)
\KLoddsidemargin=\skip70
\KLevensidemargin=\skip71
\KLtopmargin=\skip72
\c@KLCOddPictureInWaterMarkX=\count214
\c@KLCEvenPictureInWaterMarkX=\count215
\c@KLCPictureInWaterMarkY=\count216
\c@KLCOddPictureX=\count217
\c@KLCEvenPictureX=\count218
\c@KLCPictureY=\count219
)
(./forms/form05_dc_header.tex) (./forms/form07_header.tex) (./egg_dc.aux)
\openout1 = `egg_dc.aux'.

LaTeX Font Info:    Checking defaults for OML/cmm/m/it on input line 91.
LaTeX Font Info:    ... okay on input line 91.
LaTeX Font Info:    Checking defaults for T1/cmr/m/n on input line 91.
LaTeX Font Info:    ... okay on input line 91.
LaTeX Font Info:    Checking defaults for OT1/cmr/m/n on input line 91.
LaTeX Font Info:    ... okay on input line 91.
LaTeX Font Info:    Checking defaults for OMS/cmsy/m/n on input line 91.
LaTeX Font Info:    ... okay on input line 91.
LaTeX Font Info:    Checking defaults for OMX/cmex/m/n on input line 91.
LaTeX Font Info:    ... okay on input line 91.
LaTeX Font Info:    Checking defaults for U/cmr/m/n on input line 91.
LaTeX Font Info:    ... okay on input line 91.
LaTeX Font Info:    Checking defaults for JY1/mc/m/n on input line 91.
LaTeX Font Info:    ... okay on input line 91.
LaTeX Font Info:    Checking defaults for JT1/mc/m/n on input line 91.
LaTeX Font Info:    ... okay on input line 91.
LaTeX Font Info:    Checking defaults for TS1/cmr/m/n on input line 91.
LaTeX Font Info:    Try loading font information for TS1+cmr on input line 91.

(/usr/local/texlive/2013/texmf-dist/tex/latex/base/ts1cmr.fd
File: ts1cmr.fd 1999/05/25 v2.5h Standard LaTeX font definitions
)
LaTeX Font Info:    ... okay on input line 91.

*geometry* driver: auto-detecting
*geometry* detected driver: dvips
*geometry* verbose mode - [ preamble ] result:
* driver: dvips
* paper: a4paper
* layout: <same size as paper>
* layoutoffset:(h,v)=(0.0pt,0.0pt)
* modes: twoside 
* h-part:(L,W,R)=(0.0pt, 597.50787pt, 0.0pt)
* v-part:(T,H,B)=(0.0pt, 845.04684pt, 0.0pt)
* \paperwidth=597.50787pt
* \paperheight=845.04684pt
* \textwidth=489.0pt
* \textheight=713.0pt
* \oddsidemargin=-16.0pt
* \evensidemargin=-18.0pt
* \topmargin=-29.0pt
* \headheight=0.0pt
* \headsep=0.0pt
* \topskip=7.77588pt
* \footskip=0.0pt
* \marginparwidth=133.0pt
* \marginparsep=10.0pt
* \columnsep=10.0pt
* \skip\footins=9.0pt plus 4.0pt minus 2.0pt
* \hoffset=0.0pt
* \voffset=0.0pt
* \mag=1000
* \@twocolumnfalse
* \@twosidetrue
* \@mparswitchtrue
* \@reversemarginfalse
* (1in=72.27pt=25.4mm, 1cm=28.453pt)

(./forms/hook5.tex) (./forms/hook7.tex) (./forms/dc_forms.tex
(./forms/dc_form_03-04.tex
LaTeX Font Info:    Font shape `JT1/mc/bx/n' in size <10> not available
(Font)              Font shape `JT1/gt/m/n' tried instead on input line 31.
LaTeX Font Info:    Font shape `JY1/mc/bx/n' in size <10> not available
(Font)              Font shape `JY1/gt/m/n' tried instead on input line 31.
File: detector.pdf Graphic file (type pdf)
 <detector.pdf>
LaTeX Font Info:    Try loading font information for U+lasy on input line 31.

(/usr/local/texlive/2013/texmf-dist/tex/latex/base/ulasy.fd
File: ulasy.fd 1998/08/17 v2.2e LaTeX symbol font definitions
)
LaTeX Font Info:    Try loading font information for U+msa on input line 31.

(/usr/local/texlive/2013/texmf-dist/tex/latex/amsfonts/umsa.fd
File: umsa.fd 2013/01/14 v3.01 AMS symbols A
)
LaTeX Font Info:    Try loading font information for U+msb on input line 31.

(/usr/local/texlive/2013/texmf-dist/tex/latex/amsfonts/umsb.fd
File: umsb.fd 2013/01/14 v3.01 AMS symbols B
)
File: okahose.pdf Graphic file (type pdf)
 <okahose.pdf>
Overfull \hbox (5.69048pt too wide) in paragraph at lines 31--31
 [] 
 []

File: dc_forms_pdf/dc-page1.pdf Graphic file (type pdf)
<dc_forms_pdf/dc-page1.pdf> [1

]
LaTeX Font Info:    Font shape `JT1/mc/m/it' in size <10> not available
(Font)              Font shape `JT1/mc/m/n' tried instead on input line 31.
LaTeX Font Info:    Font shape `JY1/mc/m/it' in size <10> not available
(Font)              Font shape `JY1/mc/m/n' tried instead on input line 31.
) (./forms/dc_form_05.tex
File: dc_forms_pdf/dc-page2.pdf Graphic file (type pdf)

<dc_forms_pdf/dc-page2.pdf>
File: halo.pdf Graphic file (type pdf)
 <halo.pdf>
File: annual_modulation.pdf Graphic file (type pdf)
 <annual_modulation.pdf>
File: dama.pdf Graphic file (type pdf)
 <dama.pdf>
[2]
File: dc_forms_pdf/dc-page3.pdf Graphic file (type pdf)
 <dc_forms_pdf/dc-page3.pdf>
File: sensitivity.pdf Graphic file (type pdf)
 <sensitivity.pdf>
Overfull \hbox (5.69046pt too wide) in paragraph at lines 13--13
 [] 
 []

) (./forms/dc_form_06.tex [3]
File: dc_forms_pdf/dc-page4.pdf Graphic file (type pdf)
 <dc_forms_pdf/dc-page4.pdf>)
(./forms/dc_form_07.tex [4]
File: dc_forms_pdf/dc-page5.pdf Graphic file (type pdf)
 <dc_forms_pdf/dc-page5.pdf>)
(./forms/dc_form_08.tex [5]
File: dc_forms_pdf/dc-page6.pdf Graphic file (type pdf)
 <dc_forms_pdf/dc-page6.pdf>
LaTeX Font Info:    Font shape `JT1/mc/bx/n' in size <9> not available
(Font)              Font shape `JT1/gt/m/n' tried instead on input line 73.
LaTeX Font Info:    Font shape `JY1/mc/bx/n' in size <9> not available
(Font)              Font shape `JY1/gt/m/n' tried instead on input line 73.
LaTeX Font Info:    Font shape `JT1/mc/m/it' in size <9> not available
(Font)              Font shape `JT1/mc/m/n' tried instead on input line 73.
LaTeX Font Info:    Font shape `JY1/mc/m/it' in size <9> not available
(Font)              Font shape `JY1/mc/m/n' tried instead on input line 73.
)
(./forms/dc_form_09.tex [6]
File: dc_forms_pdf/dc-page7.pdf Graphic file (type pdf)
 <dc_forms_pdf/dc-page7.pdf>)
(./forms/dc_form_10.tex [7]
File: dc_forms_pdf/dc-page8.pdf Graphic file (type pdf)
 <dc_forms_pdf/dc-page8.pdf>)) (./forms/hook9.tex)
[8] (./egg_dc.aux) ) 
Here is how much of TeX's memory you used:
 5323 strings out of 494008
 70163 string characters out of 6154472
 140425 words of memory out of 5000000
 8607 multiletter control sequences out of 15000+600000
 24222 words of font info for 92 fonts, out of 8000000 for 9000
 745 hyphenation exceptions out of 8191
 34i,14n,43p,1179b,563s stack positions out of 5000i,500n,10000p,200000b,80000s

Output written on egg_dc.dvi (8 pages, 71888 bytes).
